2024/03/13 16:26:39 [notice] 1#1: using the "epoll" event method
2024/03/13 16:26:39 [notice] 1#1: nginx/1.24.0
2024/03/13 16:26:39 [notice] 1#1: built by gcc 12.2.1 20220924 (Alpine 12.2.1_git20220924-r4) 
2024/03/13 16:26:39 [notice] 1#1: OS: Linux 6.5.0-25-generic
2024/03/13 16:26:39 [notice] 1#1: getrlimit(RLIMIT_NOFILE): 1048576:1048576
2024/03/13 16:26:39 [notice] 1#1: start worker processes
2024/03/13 16:26:39 [notice] 1#1: start worker process 20
2024/03/13 16:26:39 [notice] 1#1: start worker process 21
2024/03/13 16:26:39 [notice] 1#1: start worker process 22
2024/03/13 16:26:39 [notice] 1#1: start worker process 23
2024/03/13 16:26:39 [notice] 1#1: start worker process 24
2024/03/13 16:26:39 [notice] 1#1: start worker process 25
2024/03/13 16:26:39 [notice] 1#1: start worker process 26
2024/03/13 16:26:39 [notice] 1#1: start worker process 27
2024/03/13 16:26:45 [notice] 1#1: signal 3 (SIGQUIT) received, shutting down
2024/03/13 16:26:45 [notice] 20#20: gracefully shutting down
2024/03/13 16:26:45 [notice] 22#22: gracefully shutting down
2024/03/13 16:26:45 [notice] 23#23: gracefully shutting down
2024/03/13 16:26:45 [notice] 20#20: exiting
2024/03/13 16:26:45 [notice] 26#26: gracefully shutting down
2024/03/13 16:26:45 [notice] 27#27: gracefully shutting down
2024/03/13 16:26:45 [notice] 22#22: exiting
2024/03/13 16:26:45 [notice] 23#23: exiting
2024/03/13 16:26:45 [notice] 26#26: exiting
2024/03/13 16:26:45 [notice] 27#27: exiting
2024/03/13 16:26:45 [notice] 25#25: gracefully shutting down
2024/03/13 16:26:45 [notice] 25#25: exiting
2024/03/13 16:26:45 [notice] 20#20: exit
2024/03/13 16:26:45 [notice] 22#22: exit
2024/03/13 16:26:45 [notice] 26#26: exit
2024/03/13 16:26:45 [notice] 23#23: exit
2024/03/13 16:26:45 [notice] 27#27: exit
2024/03/13 16:26:45 [notice] 25#25: exit
2024/03/13 16:26:45 [notice] 21#21: gracefully shutting down
2024/03/13 16:26:45 [notice] 24#24: gracefully shutting down
2024/03/13 16:26:45 [notice] 21#21: exiting
2024/03/13 16:26:45 [notice] 24#24: exiting
2024/03/13 16:26:45 [notice] 21#21: exit
2024/03/13 16:26:45 [notice] 24#24: exit
2024/03/13 16:26:45 [notice] 1#1: signal 17 (SIGCHLD) received from 27
2024/03/13 16:26:45 [notice] 1#1: worker process 22 exited with code 0
2024/03/13 16:26:45 [notice] 1#1: worker process 27 exited with code 0
2024/03/13 16:26:45 [notice] 1#1: signal 29 (SIGIO) received
2024/03/13 16:26:45 [notice] 1#1: signal 17 (SIGCHLD) received from 22
2024/03/13 16:26:45 [notice] 1#1: signal 17 (SIGCHLD) received from 20
2024/03/13 16:26:45 [notice] 1#1: worker process 20 exited with code 0
2024/03/13 16:26:45 [notice] 1#1: signal 29 (SIGIO) received
2024/03/13 16:26:45 [notice] 1#1: signal 17 (SIGCHLD) received from 25
2024/03/13 16:26:45 [notice] 1#1: worker process 24 exited with code 0
2024/03/13 16:26:45 [notice] 1#1: worker process 25 exited with code 0
2024/03/13 16:26:45 [notice] 1#1: signal 29 (SIGIO) received
2024/03/13 16:26:45 [notice] 1#1: signal 17 (SIGCHLD) received from 21
2024/03/13 16:26:45 [notice] 1#1: worker process 21 exited with code 0
2024/03/13 16:26:45 [notice] 1#1: worker process 23 exited with code 0
2024/03/13 16:26:45 [notice] 1#1: worker process 26 exited with code 0
2024/03/13 16:26:45 [notice] 1#1: exit
2024/03/13 16:32:30 [notice] 1#1: using the "epoll" event method
2024/03/13 16:32:30 [notice] 1#1: nginx/1.24.0
2024/03/13 16:32:30 [notice] 1#1: built by gcc 12.2.1 20220924 (Alpine 12.2.1_git20220924-r4) 
2024/03/13 16:32:30 [notice] 1#1: OS: Linux 6.5.0-25-generic
2024/03/13 16:32:30 [notice] 1#1: getrlimit(RLIMIT_NOFILE): 1048576:1048576
2024/03/13 16:32:30 [notice] 1#1: start worker processes
2024/03/13 16:32:30 [notice] 1#1: start worker process 21
2024/03/13 16:32:30 [notice] 1#1: start worker process 22
2024/03/13 16:32:30 [notice] 1#1: start worker process 23
2024/03/13 16:32:30 [notice] 1#1: start worker process 24
2024/03/13 16:32:30 [notice] 1#1: start worker process 25
2024/03/13 16:32:30 [notice] 1#1: start worker process 26
2024/03/13 16:32:30 [notice] 1#1: start worker process 27
2024/03/13 16:32:30 [notice] 1#1: start worker process 28
2024/03/13 16:35:12 [notice] 1#1: signal 3 (SIGQUIT) received, shutting down
2024/03/13 16:35:12 [notice] 21#21: gracefully shutting down
2024/03/13 16:35:12 [notice] 22#22: gracefully shutting down
2024/03/13 16:35:12 [notice] 24#24: gracefully shutting down
2024/03/13 16:35:12 [notice] 26#26: gracefully shutting down
2024/03/13 16:35:12 [notice] 25#25: gracefully shutting down
2024/03/13 16:35:12 [notice] 21#21: exiting
2024/03/13 16:35:12 [notice] 22#22: exiting
2024/03/13 16:35:12 [notice] 23#23: gracefully shutting down
2024/03/13 16:35:12 [notice] 24#24: exiting
2024/03/13 16:35:12 [notice] 26#26: exiting
2024/03/13 16:35:12 [notice] 25#25: exiting
2024/03/13 16:35:12 [notice] 23#23: exiting
2024/03/13 16:35:12 [notice] 24#24: exit
2024/03/13 16:35:12 [notice] 22#22: exit
2024/03/13 16:35:12 [notice] 26#26: exit
2024/03/13 16:35:12 [notice] 25#25: exit
2024/03/13 16:35:12 [notice] 21#21: exit
2024/03/13 16:35:12 [notice] 23#23: exit
2024/03/13 16:35:12 [notice] 27#27: gracefully shutting down
2024/03/13 16:35:12 [notice] 28#28: gracefully shutting down
2024/03/13 16:35:12 [notice] 27#27: exiting
2024/03/13 16:35:12 [notice] 28#28: exiting
2024/03/13 16:35:12 [notice] 27#27: exit
2024/03/13 16:35:12 [notice] 28#28: exit
2024/03/13 16:35:12 [notice] 1#1: signal 17 (SIGCHLD) received from 25
2024/03/13 16:35:12 [notice] 1#1: worker process 25 exited with code 0
2024/03/13 16:35:12 [notice] 1#1: signal 29 (SIGIO) received
2024/03/13 16:35:12 [notice] 1#1: signal 17 (SIGCHLD) received from 23
2024/03/13 16:35:12 [notice] 1#1: worker process 23 exited with code 0
2024/03/13 16:35:12 [notice] 1#1: worker process 22 exited with code 0
2024/03/13 16:35:12 [notice] 1#1: worker process 24 exited with code 0
2024/03/13 16:35:12 [notice] 1#1: signal 29 (SIGIO) received
2024/03/13 16:35:12 [notice] 1#1: signal 17 (SIGCHLD) received from 22
2024/03/13 16:35:12 [notice] 1#1: worker process 26 exited with code 0
2024/03/13 16:35:12 [notice] 1#1: worker process 28 exited with code 0
2024/03/13 16:35:12 [notice] 1#1: signal 29 (SIGIO) received
2024/03/13 16:35:12 [notice] 1#1: signal 17 (SIGCHLD) received from 27
2024/03/13 16:35:12 [notice] 1#1: worker process 21 exited with code 0
2024/03/13 16:35:12 [notice] 1#1: worker process 27 exited with code 0
2024/03/13 16:35:12 [notice] 1#1: exit
2024/03/13 16:35:50 [emerg] 1#1: host not found in upstream "team-seeker-app" in /etc/nginx/conf.d/nginx.conf:14
2024/03/13 16:35:55 [emerg] 1#1: host not found in upstream "team-seeker-app" in /etc/nginx/conf.d/nginx.conf:14
2024/03/13 16:36:01 [emerg] 1#1: host not found in upstream "team-seeker-app" in /etc/nginx/conf.d/nginx.conf:14
2024/03/13 16:36:07 [emerg] 1#1: host not found in upstream "team-seeker-app" in /etc/nginx/conf.d/nginx.conf:14
2024/03/13 16:36:13 [emerg] 1#1: host not found in upstream "team-seeker-app" in /etc/nginx/conf.d/nginx.conf:14
2024/03/13 16:36:20 [emerg] 1#1: host not found in upstream "team-seeker-app" in /etc/nginx/conf.d/nginx.conf:14
2024/03/13 16:36:29 [emerg] 1#1: host not found in upstream "team-seeker-app" in /etc/nginx/conf.d/nginx.conf:14
2024/03/13 16:36:43 [emerg] 1#1: host not found in upstream "team-seeker-app" in /etc/nginx/conf.d/nginx.conf:14
2024/03/13 16:36:49 [emerg] 1#1: host not found in upstream "team-seeker-app" in /etc/nginx/conf.d/nginx.conf:14
2024/03/13 16:36:55 [emerg] 1#1: host not found in upstream "team-seeker-app" in /etc/nginx/conf.d/nginx.conf:14
2024/03/13 16:37:00 [emerg] 1#1: host not found in upstream "team-seeker-app" in /etc/nginx/conf.d/nginx.conf:14
2024/03/13 16:37:06 [emerg] 1#1: host not found in upstream "team-seeker-app" in /etc/nginx/conf.d/nginx.conf:14
2024/03/13 16:37:13 [emerg] 1#1: host not found in upstream "team-seeker-app" in /etc/nginx/conf.d/nginx.conf:14
2024/03/13 16:37:22 [emerg] 1#1: host not found in upstream "team-seeker-app" in /etc/nginx/conf.d/nginx.conf:14
2024/03/13 16:37:34 [emerg] 1#1: host not found in upstream "team-seeker-app" in /etc/nginx/conf.d/nginx.conf:14
2024/03/13 16:37:52 [emerg] 1#1: host not found in upstream "team-seeker-app" in /etc/nginx/conf.d/nginx.conf:14
2024/03/13 16:38:23 [emerg] 1#1: host not found in upstream "team-seeker-app" in /etc/nginx/conf.d/nginx.conf:14
2024/03/13 16:39:19 [emerg] 1#1: host not found in upstream "team-seeker-app" in /etc/nginx/conf.d/nginx.conf:14
2024/03/13 16:40:30 [emerg] 1#1: host not found in upstream "team-seeker-app" in /etc/nginx/conf.d/nginx.conf:14
2024/03/13 16:40:36 [emerg] 1#1: host not found in upstream "team-seeker-app" in /etc/nginx/conf.d/nginx.conf:14
2024/03/13 16:40:41 [emerg] 1#1: host not found in upstream "team-seeker-app" in /etc/nginx/conf.d/nginx.conf:14
2024/03/13 16:40:47 [emerg] 1#1: host not found in upstream "team-seeker-app" in /etc/nginx/conf.d/nginx.conf:14
2024/03/13 16:40:53 [emerg] 1#1: host not found in upstream "team-seeker-app" in /etc/nginx/conf.d/nginx.conf:14
2024/03/13 16:41:00 [emerg] 1#1: host not found in upstream "team-seeker-app" in /etc/nginx/conf.d/nginx.conf:14
2024/03/13 16:41:09 [emerg] 1#1: host not found in upstream "team-seeker-app" in /etc/nginx/conf.d/nginx.conf:14
2024/03/13 16:41:20 [emerg] 1#1: host not found in upstream "team-seeker-app" in /etc/nginx/conf.d/nginx.conf:14
2024/03/13 16:41:39 [emerg] 1#1: host not found in upstream "team-seeker-app" in /etc/nginx/conf.d/nginx.conf:14
2024/03/13 16:42:10 [emerg] 1#1: host not found in upstream "team-seeker-app" in /etc/nginx/conf.d/nginx.conf:14
2024/03/13 16:43:07 [emerg] 1#1: host not found in upstream "team-seeker-app" in /etc/nginx/conf.d/nginx.conf:14
2024/03/13 16:44:12 [emerg] 1#1: host not found in upstream "team-seeker-app" in /etc/nginx/conf.d/nginx.conf:14
2024/03/13 16:45:17 [emerg] 1#1: host not found in upstream "team-seeker-app" in /etc/nginx/conf.d/nginx.conf:14
2024/03/13 16:46:22 [emerg] 1#1: host not found in upstream "team-seeker-app" in /etc/nginx/conf.d/nginx.conf:14
2024/03/13 16:47:28 [emerg] 1#1: host not found in upstream "team-seeker-app" in /etc/nginx/conf.d/nginx.conf:14
2024/03/13 16:48:33 [emerg] 1#1: host not found in upstream "team-seeker-app" in /etc/nginx/conf.d/nginx.conf:14
2024/03/13 16:49:38 [emerg] 1#1: host not found in upstream "team-seeker-app" in /etc/nginx/conf.d/nginx.conf:14
2024/03/13 16:50:44 [emerg] 1#1: host not found in upstream "team-seeker-app" in /etc/nginx/conf.d/nginx.conf:14
2024/03/13 16:51:49 [emerg] 1#1: host not found in upstream "team-seeker-app" in /etc/nginx/conf.d/nginx.conf:14
2024/03/13 16:52:54 [emerg] 1#1: host not found in upstream "team-seeker-app" in /etc/nginx/conf.d/nginx.conf:14
2024/03/13 16:54:00 [emerg] 1#1: host not found in upstream "team-seeker-app" in /etc/nginx/conf.d/nginx.conf:14
2024/03/13 16:55:05 [emerg] 1#1: host not found in upstream "team-seeker-app" in /etc/nginx/conf.d/nginx.conf:14
2024/03/13 16:56:10 [emerg] 1#1: host not found in upstream "team-seeker-app" in /etc/nginx/conf.d/nginx.conf:14
2024/03/13 16:57:16 [emerg] 1#1: host not found in upstream "team-seeker-app" in /etc/nginx/conf.d/nginx.conf:14
2024/03/13 16:58:21 [emerg] 1#1: host not found in upstream "team-seeker-app" in /etc/nginx/conf.d/nginx.conf:14
2024/03/13 16:59:26 [emerg] 1#1: host not found in upstream "team-seeker-app" in /etc/nginx/conf.d/nginx.conf:14
2024/03/13 17:00:32 [emerg] 1#1: host not found in upstream "team-seeker-app" in /etc/nginx/conf.d/nginx.conf:14
2024/03/13 17:01:37 [emerg] 1#1: host not found in upstream "team-seeker-app" in /etc/nginx/conf.d/nginx.conf:14
2024/03/13 17:02:42 [emerg] 1#1: host not found in upstream "team-seeker-app" in /etc/nginx/conf.d/nginx.conf:14
2024/03/13 17:03:48 [emerg] 1#1: host not found in upstream "team-seeker-app" in /etc/nginx/conf.d/nginx.conf:14
2024/03/13 17:04:53 [emerg] 1#1: host not found in upstream "team-seeker-app" in /etc/nginx/conf.d/nginx.conf:14
2024/03/13 17:05:58 [emerg] 1#1: host not found in upstream "team-seeker-app" in /etc/nginx/conf.d/nginx.conf:14
2024/03/13 17:07:04 [emerg] 1#1: host not found in upstream "team-seeker-app" in /etc/nginx/conf.d/nginx.conf:14
2024/03/13 17:08:09 [emerg] 1#1: host not found in upstream "team-seeker-app" in /etc/nginx/conf.d/nginx.conf:14
2024/03/13 17:09:14 [emerg] 1#1: host not found in upstream "team-seeker-app" in /etc/nginx/conf.d/nginx.conf:14
2024/03/13 17:10:20 [emerg] 1#1: host not found in upstream "team-seeker-app" in /etc/nginx/conf.d/nginx.conf:14
2024/03/13 17:11:25 [emerg] 1#1: host not found in upstream "team-seeker-app" in /etc/nginx/conf.d/nginx.conf:14
2024/03/13 17:12:30 [emerg] 1#1: host not found in upstream "team-seeker-app" in /etc/nginx/conf.d/nginx.conf:14
2024/03/13 17:13:36 [emerg] 1#1: host not found in upstream "team-seeker-app" in /etc/nginx/conf.d/nginx.conf:14
2024/03/13 17:14:41 [emerg] 1#1: host not found in upstream "team-seeker-app" in /etc/nginx/conf.d/nginx.conf:14
2024/03/13 17:15:46 [emerg] 1#1: host not found in upstream "team-seeker-app" in /etc/nginx/conf.d/nginx.conf:14
2024/03/13 17:16:52 [emerg] 1#1: host not found in upstream "team-seeker-app" in /etc/nginx/conf.d/nginx.conf:14
2024/03/13 17:17:57 [emerg] 1#1: host not found in upstream "team-seeker-app" in /etc/nginx/conf.d/nginx.conf:14
2024/03/13 17:19:02 [emerg] 1#1: host not found in upstream "team-seeker-app" in /etc/nginx/conf.d/nginx.conf:14
2024/03/13 17:20:08 [emerg] 1#1: host not found in upstream "team-seeker-app" in /etc/nginx/conf.d/nginx.conf:14
2024/03/13 17:21:13 [emerg] 1#1: host not found in upstream "team-seeker-app" in /etc/nginx/conf.d/nginx.conf:14
2024/03/13 17:22:18 [emerg] 1#1: host not found in upstream "team-seeker-app" in /etc/nginx/conf.d/nginx.conf:14
2024/03/13 17:23:24 [emerg] 1#1: host not found in upstream "team-seeker-app" in /etc/nginx/conf.d/nginx.conf:14
2024/03/13 17:24:29 [emerg] 1#1: host not found in upstream "team-seeker-app" in /etc/nginx/conf.d/nginx.conf:14
2024/03/13 17:25:34 [emerg] 1#1: host not found in upstream "team-seeker-app" in /etc/nginx/conf.d/nginx.conf:14
2024/03/13 17:26:40 [emerg] 1#1: host not found in upstream "team-seeker-app" in /etc/nginx/conf.d/nginx.conf:14
2024/03/13 17:27:45 [emerg] 1#1: host not found in upstream "team-seeker-app" in /etc/nginx/conf.d/nginx.conf:14
2024/03/13 17:28:50 [emerg] 1#1: host not found in upstream "team-seeker-app" in /etc/nginx/conf.d/nginx.conf:14
2024/03/13 17:29:56 [emerg] 1#1: host not found in upstream "team-seeker-app" in /etc/nginx/conf.d/nginx.conf:14
2024/03/13 17:31:01 [emerg] 1#1: host not found in upstream "team-seeker-app" in /etc/nginx/conf.d/nginx.conf:14
2024/03/13 17:32:06 [emerg] 1#1: host not found in upstream "team-seeker-app" in /etc/nginx/conf.d/nginx.conf:14
2024/03/13 17:33:12 [emerg] 1#1: host not found in upstream "team-seeker-app" in /etc/nginx/conf.d/nginx.conf:14
2024/03/13 17:34:17 [emerg] 1#1: host not found in upstream "team-seeker-app" in /etc/nginx/conf.d/nginx.conf:14
2024/03/13 17:35:22 [emerg] 1#1: host not found in upstream "team-seeker-app" in /etc/nginx/conf.d/nginx.conf:14
2024/03/13 17:36:28 [emerg] 1#1: host not found in upstream "team-seeker-app" in /etc/nginx/conf.d/nginx.conf:14
2024/03/13 17:37:33 [emerg] 1#1: host not found in upstream "team-seeker-app" in /etc/nginx/conf.d/nginx.conf:14
2024/03/13 17:38:38 [emerg] 1#1: host not found in upstream "team-seeker-app" in /etc/nginx/conf.d/nginx.conf:14
2024/03/13 17:39:44 [emerg] 1#1: host not found in upstream "team-seeker-app" in /etc/nginx/conf.d/nginx.conf:14
2024/03/13 17:40:49 [emerg] 1#1: host not found in upstream "team-seeker-app" in /etc/nginx/conf.d/nginx.conf:14
2024/03/13 17:41:54 [emerg] 1#1: host not found in upstream "team-seeker-app" in /etc/nginx/conf.d/nginx.conf:14
2024/03/13 17:43:00 [emerg] 1#1: host not found in upstream "team-seeker-app" in /etc/nginx/conf.d/nginx.conf:14
2024/03/13 17:44:05 [emerg] 1#1: host not found in upstream "team-seeker-app" in /etc/nginx/conf.d/nginx.conf:14
2024/03/13 17:45:10 [emerg] 1#1: host not found in upstream "team-seeker-app" in /etc/nginx/conf.d/nginx.conf:14
2024/03/13 17:46:16 [emerg] 1#1: host not found in upstream "team-seeker-app" in /etc/nginx/conf.d/nginx.conf:14
2024/03/13 17:47:21 [emerg] 1#1: host not found in upstream "team-seeker-app" in /etc/nginx/conf.d/nginx.conf:14
2024/03/13 17:48:26 [emerg] 1#1: host not found in upstream "team-seeker-app" in /etc/nginx/conf.d/nginx.conf:14
2024/03/13 17:49:32 [emerg] 1#1: host not found in upstream "team-seeker-app" in /etc/nginx/conf.d/nginx.conf:14
2024/03/13 17:50:37 [emerg] 1#1: host not found in upstream "team-seeker-app" in /etc/nginx/conf.d/nginx.conf:14
2024/03/13 17:51:42 [emerg] 1#1: host not found in upstream "team-seeker-app" in /etc/nginx/conf.d/nginx.conf:14
2024/03/13 17:52:48 [emerg] 1#1: host not found in upstream "team-seeker-app" in /etc/nginx/conf.d/nginx.conf:14
2024/03/13 17:53:53 [emerg] 1#1: host not found in upstream "team-seeker-app" in /etc/nginx/conf.d/nginx.conf:14
2024/03/13 17:54:58 [emerg] 1#1: host not found in upstream "team-seeker-app" in /etc/nginx/conf.d/nginx.conf:14
2024/03/13 17:56:04 [emerg] 1#1: host not found in upstream "team-seeker-app" in /etc/nginx/conf.d/nginx.conf:14
2024/03/13 17:57:09 [emerg] 1#1: host not found in upstream "team-seeker-app" in /etc/nginx/conf.d/nginx.conf:14
2024/03/13 17:58:14 [emerg] 1#1: host not found in upstream "team-seeker-app" in /etc/nginx/conf.d/nginx.conf:14
2024/03/13 17:59:20 [emerg] 1#1: host not found in upstream "team-seeker-app" in /etc/nginx/conf.d/nginx.conf:14
2024/03/13 18:00:25 [emerg] 1#1: host not found in upstream "team-seeker-app" in /etc/nginx/conf.d/nginx.conf:14
2024/03/13 18:01:30 [emerg] 1#1: host not found in upstream "team-seeker-app" in /etc/nginx/conf.d/nginx.conf:14
2024/03/13 18:02:36 [emerg] 1#1: host not found in upstream "team-seeker-app" in /etc/nginx/conf.d/nginx.conf:14
2024/03/13 18:03:41 [emerg] 1#1: host not found in upstream "team-seeker-app" in /etc/nginx/conf.d/nginx.conf:14
2024/03/13 18:04:46 [emerg] 1#1: host not found in upstream "team-seeker-app" in /etc/nginx/conf.d/nginx.conf:14
2024/03/13 18:05:52 [emerg] 1#1: host not found in upstream "team-seeker-app" in /etc/nginx/conf.d/nginx.conf:14
2024/03/13 18:06:57 [emerg] 1#1: host not found in upstream "team-seeker-app" in /etc/nginx/conf.d/nginx.conf:14
2024/03/13 18:08:02 [emerg] 1#1: host not found in upstream "team-seeker-app" in /etc/nginx/conf.d/nginx.conf:14
2024/03/13 18:09:08 [emerg] 1#1: host not found in upstream "team-seeker-app" in /etc/nginx/conf.d/nginx.conf:14
2024/03/13 18:10:13 [emerg] 1#1: host not found in upstream "team-seeker-app" in /etc/nginx/conf.d/nginx.conf:14
2024/03/13 18:11:18 [emerg] 1#1: host not found in upstream "team-seeker-app" in /etc/nginx/conf.d/nginx.conf:14
2024/03/13 18:12:24 [emerg] 1#1: host not found in upstream "team-seeker-app" in /etc/nginx/conf.d/nginx.conf:14
2024/03/13 18:13:29 [emerg] 1#1: host not found in upstream "team-seeker-app" in /etc/nginx/conf.d/nginx.conf:14
2024/03/13 18:14:34 [emerg] 1#1: host not found in upstream "team-seeker-app" in /etc/nginx/conf.d/nginx.conf:14
2024/03/13 18:15:40 [emerg] 1#1: host not found in upstream "team-seeker-app" in /etc/nginx/conf.d/nginx.conf:14
2024/03/13 18:16:45 [emerg] 1#1: host not found in upstream "team-seeker-app" in /etc/nginx/conf.d/nginx.conf:14
2024/03/13 18:17:50 [emerg] 1#1: host not found in upstream "team-seeker-app" in /etc/nginx/conf.d/nginx.conf:14
2024/03/13 18:18:56 [emerg] 1#1: host not found in upstream "team-seeker-app" in /etc/nginx/conf.d/nginx.conf:14
2024/03/13 18:20:01 [emerg] 1#1: host not found in upstream "team-seeker-app" in /etc/nginx/conf.d/nginx.conf:14
2024/03/13 18:21:06 [emerg] 1#1: host not found in upstream "team-seeker-app" in /etc/nginx/conf.d/nginx.conf:14
2024/03/13 18:22:12 [emerg] 1#1: host not found in upstream "team-seeker-app" in /etc/nginx/conf.d/nginx.conf:14
2024/03/13 18:23:17 [emerg] 1#1: host not found in upstream "team-seeker-app" in /etc/nginx/conf.d/nginx.conf:14
2024/03/13 18:24:22 [emerg] 1#1: host not found in upstream "team-seeker-app" in /etc/nginx/conf.d/nginx.conf:14
2024/03/13 18:25:28 [emerg] 1#1: host not found in upstream "team-seeker-app" in /etc/nginx/conf.d/nginx.conf:14
2024/03/13 18:26:33 [emerg] 1#1: host not found in upstream "team-seeker-app" in /etc/nginx/conf.d/nginx.conf:14
2024/03/13 18:27:38 [emerg] 1#1: host not found in upstream "team-seeker-app" in /etc/nginx/conf.d/nginx.conf:14
2024/03/13 18:28:44 [emerg] 1#1: host not found in upstream "team-seeker-app" in /etc/nginx/conf.d/nginx.conf:14
2024/03/13 18:29:49 [emerg] 1#1: host not found in upstream "team-seeker-app" in /etc/nginx/conf.d/nginx.conf:14
2024/03/13 18:30:54 [emerg] 1#1: host not found in upstream "team-seeker-app" in /etc/nginx/conf.d/nginx.conf:14
2024/03/13 18:31:35 [emerg] 1#1: host not found in upstream "team-seeker-app" in /etc/nginx/conf.d/nginx.conf:14
2024/03/13 18:31:40 [emerg] 1#1: host not found in upstream "team-seeker-app" in /etc/nginx/conf.d/nginx.conf:14
2024/03/13 18:31:46 [emerg] 1#1: host not found in upstream "team-seeker-app" in /etc/nginx/conf.d/nginx.conf:14
2024/03/13 18:31:51 [emerg] 1#1: host not found in upstream "team-seeker-app" in /etc/nginx/conf.d/nginx.conf:14
2024/03/13 18:31:58 [emerg] 1#1: host not found in upstream "team-seeker-app" in /etc/nginx/conf.d/nginx.conf:14
2024/03/13 18:32:05 [emerg] 1#1: host not found in upstream "team-seeker-app" in /etc/nginx/conf.d/nginx.conf:14
2024/03/13 18:32:13 [emerg] 1#1: host not found in upstream "team-seeker-app" in /etc/nginx/conf.d/nginx.conf:14
2024/03/13 18:32:25 [emerg] 1#1: host not found in upstream "team-seeker-app" in /etc/nginx/conf.d/nginx.conf:14
2024/03/13 18:32:43 [emerg] 1#1: host not found in upstream "team-seeker-app" in /etc/nginx/conf.d/nginx.conf:14
2024/03/13 18:33:14 [emerg] 1#1: host not found in upstream "team-seeker-app" in /etc/nginx/conf.d/nginx.conf:14
2024/03/13 18:34:10 [emerg] 1#1: host not found in upstream "team-seeker-app" in /etc/nginx/conf.d/nginx.conf:14
2024/03/13 18:35:16 [emerg] 1#1: host not found in upstream "team-seeker-app" in /etc/nginx/conf.d/nginx.conf:14
2024/03/13 18:36:21 [emerg] 1#1: host not found in upstream "team-seeker-app" in /etc/nginx/conf.d/nginx.conf:14
2024/03/13 18:37:26 [emerg] 1#1: host not found in upstream "team-seeker-app" in /etc/nginx/conf.d/nginx.conf:14
